  Astar.cpp
D:\알고리즘설계\TermProject\ShortestPath\ShortestPath\Astar.cpp(25,6): warning C4101: 'curDist' :참조되지 않은 지역 변수입니다.
  BFS.cpp
  GA.cpp
D:\알고리즘설계\TermProject\ShortestPath\ShortestPath\GA.cpp(54,196): warning C4244: '초기화 중': 'double'에서 'float'(으)로 변환하면서 데이터가 손실될 수 있습니다.
D:\알고리즘설계\TermProject\ShortestPath\ShortestPath\GA.cpp(54,225): warning C4244: '초기화 중': 'double'에서 'float'(으)로 변환하면서 데이터가 손실될 수 있습니다.
D:\알고리즘설계\TermProject\ShortestPath\ShortestPath\GA.cpp(186,40): warning C4267: '=': 'size_t'에서 'int'(으)로 변환하면서 데이터가 손실될 수 있습니다.
D:\알고리즘설계\TermProject\ShortestPath\ShortestPath\GA.cpp(189,40): warning C4267: '=': 'size_t'에서 'int'(으)로 변환하면서 데이터가 손실될 수 있습니다.
D:\알고리즘설계\TermProject\ShortestPath\ShortestPath\GA.cpp(386,60): warning C4267: '인수': 'size_t'에서 '_Ty'(으)로 변환하면서 데이터가 손실될 수 있습니다.
D:\알고리즘설계\TermProject\ShortestPath\ShortestPath\GA.cpp(386,60): warning C4267:         with
D:\알고리즘설계\TermProject\ShortestPath\ShortestPath\GA.cpp(386,60): warning C4267:         [
D:\알고리즘설계\TermProject\ShortestPath\ShortestPath\GA.cpp(386,60): warning C4267:             _Ty=int
D:\알고리즘설계\TermProject\ShortestPath\ShortestPath\GA.cpp(386,60): warning C4267:         ]
D:\알고리즘설계\TermProject\ShortestPath\ShortestPath\GA.cpp(428,67): warning C4267: '인수': 'size_t'에서 '_Ty'(으)로 변환하면서 데이터가 손실될 수 있습니다.
D:\알고리즘설계\TermProject\ShortestPath\ShortestPath\GA.cpp(428,67): warning C4267:         with
D:\알고리즘설계\TermProject\ShortestPath\ShortestPath\GA.cpp(428,67): warning C4267:         [
D:\알고리즘설계\TermProject\ShortestPath\ShortestPath\GA.cpp(428,67): warning C4267:             _Ty=int
D:\알고리즘설계\TermProject\ShortestPath\ShortestPath\GA.cpp(428,67): warning C4267:         ]
D:\알고리즘설계\TermProject\ShortestPath\ShortestPath\GA.cpp(591,47): warning C4244: '=': 'double'에서 'int'(으)로 변환하면서 데이터가 손실될 수 있습니다.
  dijkstra.cpp
D:\알고리즘설계\TermProject\ShortestPath\ShortestPath\dijkstra.cpp(51,6): warning C4101: 'curDist' :참조되지 않은 지역 변수입니다.
  main.cpp
  코드를 생성하고 있습니다...
  ShortestPath.vcxproj -> D:\알고리즘설계\TermProject\ShortestPath\x64\Debug\ShortestPath.exe
